
*** Running vivado
    with args -log fulladder_top.vds -m64 -product Vivado -mode batch -messageDb vivado.pb -notrace -source fulladder_top.tcl



****** Vivado v2024.1 (64-bit)
  **** SW Build 5076996 on Wed May 22 18:37:14 MDT 2024
  **** IP Build 5075265 on Wed May 22 21:45:21 MDT 2024
  **** SharedData Build 5076995 on Wed May 22 18:29:18 MDT 2024
  **** Start of session at: Sat Oct 26 10:35:00 2024
    ** Copyright 1986-2022 Xilinx, Inc. All Rights Reserved.
    ** Copyright 2022-2024 Advanced Micro Devices, Inc. All Rights Reserved.

source fulladder_top.tcl -notrace
create_project: Time (s): cpu = 00:00:03 ; elapsed = 00:00:05 . Memory (MB): peak = 530.684 ; gain = 201.801
Command: read_checkpoint -auto_incremental -incremental C:/Users/burka/OneDrive/Belgeler/Github/Cs223-lab-2/lab2/lab2.srcs/utils_1/imports/synth_1/fulladder.dcp
INFO: [Vivado 12-5825] Read reference checkpoint from C:/Users/burka/OneDrive/Belgeler/Github/Cs223-lab-2/lab2/lab2.srcs/utils_1/imports/synth_1/fulladder.dcp for incremental synthesis
INFO: [Vivado 12-7989] Please ensure there are no constraint changes
Command: synth_design -top fulladder_top -part xc7a35tcpg236-1
Starting synth_design
Attempting to get a license for feature 'Synthesis' and/or device 'xc7a35t'
INFO: [Common 17-349] Got license for feature 'Synthesis' and/or device 'xc7a35t'
INFO: [Device 21-403] Loading part xc7a35tcpg236-1
INFO: [Device 21-9227] Part: xc7a35tcpg236-1 does not have CEAM library.
INFO: [Designutils 20-5440] No compile time benefit to using incremental synthesis; A full resynthesis will be run
INFO: [Designutils 20-4379] Flow is switching to default flow due to incremental criteria not met. If you would like to alter this behaviour and have the flow terminate instead, please set the following parameter config_implementation {autoIncr.Synth.RejectBehavior Terminate}
INFO: [Synth 8-7079] Multithreading enabled for synth_design using a maximum of 2 processes.
INFO: [Synth 8-7078] Launching helper process for spawning children vivado processes
INFO: [Synth 8-7075] Helper process launched with PID 24592
---------------------------------------------------------------------------------
Starting RTL Elaboration : Time (s): cpu = 00:00:01 ; elapsed = 00:00:04 . Memory (MB): peak = 1385.043 ; gain = 447.277
---------------------------------------------------------------------------------
INFO: [Synth 8-6157] synthesizing module 'fulladder_top' [C:/Users/burka/OneDrive/Belgeler/Github/Cs223-lab-2/lab2/lab2.srcs/sources_1/new/fulladder_top.sv:23]
INFO: [Synth 8-6157] synthesizing module 'fulladder' [C:/Users/burka/OneDrive/Belgeler/Github/Cs223-lab-2/lab2/lab2.srcs/sources_1/new/behavioralFullAdder.sv:23]
INFO: [Synth 8-6155] done synthesizing module 'fulladder' (0#1) [C:/Users/burka/OneDrive/Belgeler/Github/Cs223-lab-2/lab2/lab2.srcs/sources_1/new/behavioralFullAdder.sv:23]
INFO: [Synth 8-6155] done synthesizing module 'fulladder_top' (0#1) [C:/Users/burka/OneDrive/Belgeler/Github/Cs223-lab-2/lab2/lab2.srcs/sources_1/new/fulladder_top.sv:23]
WARNING: [Synth 8-7129] Port LED[13] in module fulladder_top is either unconnected or has no load
WARNING: [Synth 8-7129] Port LED[12] in module fulladder_top is either unconnected or has no load
WARNING: [Synth 8-7129] Port LED[11] in module fulladder_top is either unconnected or has no load
WARNING: [Synth 8-7129] Port LED[10] in module fulladder_top is either unconnected or has no load
WARNING: [Synth 8-7129] Port LED[9] in module fulladder_top is either unconnected or has no load
WARNING: [Synth 8-7129] Port LED[8] in module fulladder_top is either unconnected or has no load
WARNING: [Synth 8-7129] Port LED[7] in module fulladder_top is either unconnected or has no load
WARNING: [Synth 8-7129] Port LED[6] in module fulladder_top is either unconnected or has no load
WARNING: [Synth 8-7129] Port LED[5] in module fulladder_top is either unconnected or has no load
WARNING: [Synth 8-7129] Port LED[4] in module fulladder_top is either unconnected or has no load
WARNING: [Synth 8-7129] Port LED[3] in module fulladder_top is either unconnected or has no load
WARNING: [Synth 8-7129] Port LED[2] in module fulladder_top is either unconnected or has no load
WARNING: [Synth 8-7129] Port LED[1] in module fulladder_top is either unconnected or has no load
WARNING: [Synth 8-7129] Port LED[0] in module fulladder_top is either unconnected or has no load
WARNING: [Synth 8-7129] Port sw[12] in module fulladder_top is either unconnected or has no load
WARNING: [Synth 8-7129] Port sw[11] in module fulladder_top is either unconnected or has no load
WARNING: [Synth 8-7129] Port sw[10] in module fulladder_top is either unconnected or has no load
WARNING: [Synth 8-7129] Port sw[9] in module fulladder_top is either unconnected or has no load
WARNING: [Synth 8-7129] Port sw[8] in module fulladder_top is either unconnected or has no load
WARNING: [Synth 8-7129] Port sw[7] in module fulladder_top is either unconnected or has no load
WARNING: [Synth 8-7129] Port sw[6] in module fulladder_top is either unconnected or has no load
WARNING: [Synth 8-7129] Port sw[5] in module fulladder_top is either unconnected or has no load
WARNING: [Synth 8-7129] Port sw[4] in module fulladder_top is either unconnected or has no load
WARNING: [Synth 8-7129] Port sw[3] in module fulladder_top is either unconnected or has no load
WARNING: [Synth 8-7129] Port sw[2] in module fulladder_top is either unconnected or has no load
WARNING: [Synth 8-7129] Port sw[1] in module fulladder_top is either unconnected or has no load
WARNING: [Synth 8-7129] Port sw[0] in module fulladder_top is either unconnected or has no load
---------------------------------------------------------------------------------
Finished RTL Elaboration : Time (s): cpu = 00:00:02 ; elapsed = 00:00:05 . Memory (MB): peak = 1493.719 ; gain = 555.953
---------------------------------------------------------------------------------
---------------------------------------------------------------------------------
Start Handling Custom Attributes
---------------------------------------------------------------------------------
---------------------------------------------------------------------------------
Finished Handling Custom Attributes : Time (s): cpu = 00:00:02 ; elapsed = 00:00:05 . Memory (MB): peak = 1493.719 ; gain = 555.953
---------------------------------------------------------------------------------
---------------------------------------------------------------------------------
Finished RTL Optimization Phase 1 : Time (s): cpu = 00:00:02 ; elapsed = 00:00:05 . Memory (MB): peak = 1493.719 ; gain = 555.953
---------------------------------------------------------------------------------
Netlist sorting complete. Time (s): cpu = 00:00:00 ; elapsed = 00:00:00 . Memory (MB): peak = 1493.719 ; gain = 0.000
INFO: [Project 1-570] Preparing netlist for logic optimization

Processing XDC Constraints
Initializing timing engine
Parsing XDC File [C:/Users/burka/OneDrive/Belgeler/Github/Cs223-lab-2/lab2/lab2.srcs/constrs_1/new/constraints.xdc]
WARNING: [Vivado 12-584] No ports matched 'CLK100MHZ'. [C:/Users/burka/OneDrive/Belgeler/Github/Cs223-lab-2/lab2/lab2.srcs/constrs_1/new/constraints.xdc:7]
CRITICAL WARNING: [Common 17-55] 'set_property' expects at least one object. [C:/Users/burka/OneDrive/Belgeler/Github/Cs223-lab-2/lab2/lab2.srcs/constrs_1/new/constraints.xdc:7]
Resolution: If [get_<value>] was used to populate the object, check to make sure this command returns at least one valid object.
WARNING: [Vivado 12-584] No ports matched 'CLK100MHZ'. [C:/Users/burka/OneDrive/Belgeler/Github/Cs223-lab-2/lab2/lab2.srcs/constrs_1/new/constraints.xdc:8]
CRITICAL WARNING: [Common 17-55] 'set_property' expects at least one object. [C:/Users/burka/OneDrive/Belgeler/Github/Cs223-lab-2/lab2/lab2.srcs/constrs_1/new/constraints.xdc:8]
Resolution: If [get_<value>] was used to populate the object, check to make sure this command returns at least one valid object.
WARNING: [Vivado 12-584] No ports matched 'CLK100MHZ'. [C:/Users/burka/OneDrive/Belgeler/Github/Cs223-lab-2/lab2/lab2.srcs/constrs_1/new/constraints.xdc:9]
CRITICAL WARNING: [Vivado 12-4739] create_clock:No valid object(s) found for '-objects [get_ports CLK100MHZ]'. [C:/Users/burka/OneDrive/Belgeler/Github/Cs223-lab-2/lab2/lab2.srcs/constrs_1/new/constraints.xdc:9]
Resolution: Check if the specified object(s) exists in the current design. If it does, ensure that the correct design hierarchy was specified for the object. If you are working with clocks, make sure create_clock was used to create the clock object before it is referenced.
Finished Parsing XDC File [C:/Users/burka/OneDrive/Belgeler/Github/Cs223-lab-2/lab2/lab2.srcs/constrs_1/new/constraints.xdc]
INFO: [Project 1-236] Implementation specific constraints were found while reading constraint file [C:/Users/burka/OneDrive/Belgeler/Github/Cs223-lab-2/lab2/lab2.srcs/constrs_1/new/constraints.xdc]. These constraints will be ignored for synthesis but will be used in implementation. Impacted constraints are listed in the file [.Xil/fulladder_top_propImpl.xdc].
Resolution: To avoid this warning, move constraints listed in [.Xil/fulladder_top_propImpl.xdc] to another XDC file and exclude this new file from synthesis with the used_in_synthesis property (File Properties dialog in GUI) and re-run elaboration/synthesis.
Completed Processing XDC Constraints

Netlist sorting complete. Time (s): cpu = 00:00:00 ; elapsed = 00:00:00 . Memory (MB): peak = 1530.277 ; gain = 0.000
INFO: [Project 1-111] Unisim Transformation Summary:
No Unisim elements were transformed.

Constraint Validation Runtime : Time (s): cpu = 00:00:00 ; elapsed = 00:00:00.002 . Memory (MB): peak = 1530.277 ; gain = 0.000
INFO: [Designutils 20-5440] No compile time benefit to using incremental synthesis; A full resynthesis will be run
INFO: [Designutils 20-4379] Flow is switching to default flow due to incremental criteria not met. If you would like to alter this behaviour and have the flow terminate instead, please set the following parameter config_implementation {autoIncr.Synth.RejectBehavior Terminate}
---------------------------------------------------------------------------------
Finished Constraint Validation : Time (s): cpu = 00:00:04 ; elapsed = 00:00:11 . Memory (MB): peak = 1530.277 ; gain = 592.512
---------------------------------------------------------------------------------
---------------------------------------------------------------------------------
Start Loading Part and Timing Information
---------------------------------------------------------------------------------
Loading part: xc7a35tcpg236-1
---------------------------------------------------------------------------------
Finished Loading Part and Timing Information : Time (s): cpu = 00:00:04 ; elapsed = 00:00:11 . Memory (MB): peak = 1530.277 ; gain = 592.512
---------------------------------------------------------------------------------
---------------------------------------------------------------------------------
Start Applying 'set_property' XDC Constraints
---------------------------------------------------------------------------------
---------------------------------------------------------------------------------
Finished applying 'set_property' XDC Constraints : Time (s): cpu = 00:00:04 ; elapsed = 00:00:11 . Memory (MB): peak = 1530.277 ; gain = 592.512
---------------------------------------------------------------------------------
---------------------------------------------------------------------------------
Finished RTL Optimization Phase 2 : Time (s): cpu = 00:00:04 ; elapsed = 00:00:11 . Memory (MB): peak = 1530.277 ; gain = 592.512
---------------------------------------------------------------------------------
---------------------------------------------------------------------------------
Start RTL Component Statistics 
---------------------------------------------------------------------------------
Detailed RTL Component Info : 
+---XORs : 
	   2 Input      1 Bit         XORs := 2     
---------------------------------------------------------------------------------
Finished RTL Component Statistics 
---------------------------------------------------------------------------------
---------------------------------------------------------------------------------
Start Part Resource Summary
---------------------------------------------------------------------------------
Part Resources:
DSPs: 90 (col length:60)
BRAMs: 100 (col length: RAMB18 60 RAMB36 30)
---------------------------------------------------------------------------------
Finished Part Resource Summary
---------------------------------------------------------------------------------
---------------------------------------------------------------------------------
Start Cross Boundary and Area Optimization
---------------------------------------------------------------------------------
WARNING: [Synth 8-7080] Parallel synthesis criteria is not met
WARNING: [Synth 8-7129] Port LED[13] in module fulladder_top is either unconnected or has no load
WARNING: [Synth 8-7129] Port LED[12] in module fulladder_top is either unconnected or has no load
WARNING: [Synth 8-7129] Port LED[11] in module fulladder_top is either unconnected or has no load
WARNING: [Synth 8-7129] Port LED[10] in module fulladder_top is either unconnected or has no load
WARNING: [Synth 8-7129] Port LED[9] in module fulladder_top is either unconnected or has no load
WARNING: [Synth 8-7129] Port LED[8] in module fulladder_top is either unconnected or has no load
WARNING: [Synth 8-7129] Port LED[7] in module fulladder_top is either unconnected or has no load
WARNING: [Synth 8-7129] Port LED[6] in module fulladder_top is either unconnected or has no load
WARNING: [Synth 8-7129] Port LED[5] in module fulladder_top is either unconnected or has no load
WARNING: [Synth 8-7129] Port LED[4] in module fulladder_top is either unconnected or has no load
WARNING: [Synth 8-7129] Port LED[3] in module fulladder_top is either unconnected or has no load
WARNING: [Synth 8-7129] Port LED[2] in module fulladder_top is either unconnected or has no load
WARNING: [Synth 8-7129] Port LED[1] in module fulladder_top is either unconnected or has no load
WARNING: [Synth 8-7129] Port LED[0] in module fulladder_top is either unconnected or has no load
WARNING: [Synth 8-7129] Port sw[12] in module fulladder_top is either unconnected or has no load
WARNING: [Synth 8-7129] Port sw[11] in module fulladder_top is either unconnected or has no load
WARNING: [Synth 8-7129] Port sw[10] in module fulladder_top is either unconnected or has no load
WARNING: [Synth 8-7129] Port sw[9] in module fulladder_top is either unconnected or has no load
WARNING: [Synth 8-7129] Port sw[8] in module fulladder_top is either unconnected or has no load
WARNING: [Synth 8-7129] Port sw[7] in module fulladder_top is either unconnected or has no load
WARNING: [Synth 8-7129] Port sw[6] in module fulladder_top is either unconnected or has no load
WARNING: [Synth 8-7129] Port sw[5] in module fulladder_top is either unconnected or has no load
WARNING: [Synth 8-7129] Port sw[4] in module fulladder_top is either unconnected or has no load
WARNING: [Synth 8-7129] Port sw[3] in module fulladder_top is either unconnected or has no load
WARNING: [Synth 8-7129] Port sw[2] in module fulladder_top is either unconnected or has no load
WARNING: [Synth 8-7129] Port sw[1] in module fulladder_top is either unconnected or has no load
WARNING: [Synth 8-7129] Port sw[0] in module fulladder_top is either unconnected or has no load
---------------------------------------------------------------------------------
Finished Cross Boundary and Area Optimization : Time (s): cpu = 00:00:05 ; elapsed = 00:00:12 . Memory (MB): peak = 1530.277 ; gain = 592.512
---------------------------------------------------------------------------------
---------------------------------------------------------------------------------
Start Applying XDC Timing Constraints
---------------------------------------------------------------------------------
---------------------------------------------------------------------------------
Finished Applying XDC Timing Constraints : Time (s): cpu = 00:00:06 ; elapsed = 00:00:17 . Memory (MB): peak = 1530.277 ; gain = 592.512
---------------------------------------------------------------------------------
---------------------------------------------------------------------------------
Start Timing Optimization
---------------------------------------------------------------------------------
---------------------------------------------------------------------------------
Finished Timing Optimization : Time (s): cpu = 00:00:06 ; elapsed = 00:00:17 . Memory (MB): peak = 1530.277 ; gain = 592.512
---------------------------------------------------------------------------------
---------------------------------------------------------------------------------
Start Technology Mapping
---------------------------------------------------------------------------------
---------------------------------------------------------------------------------
Finished Technology Mapping : Time (s): cpu = 00:00:06 ; elapsed = 00:00:17 . Memory (MB): peak = 1530.277 ; gain = 592.512
---------------------------------------------------------------------------------
---------------------------------------------------------------------------------
Start IO Insertion
---------------------------------------------------------------------------------
---------------------------------------------------------------------------------
Start Flattening Before IO Insertion
---------------------------------------------------------------------------------
---------------------------------------------------------------------------------
Finished Flattening Before IO Insertion
---------------------------------------------------------------------------------
---------------------------------------------------------------------------------
Start Final Netlist Cleanup
---------------------------------------------------------------------------------
---------------------------------------------------------------------------------
Finished Final Netlist Cleanup
---------------------------------------------------------------------------------
---------------------------------------------------------------------------------
Finished IO Insertion : Time (s): cpu = 00:00:07 ; elapsed = 00:00:21 . Memory (MB): peak = 1530.277 ; gain = 592.512
---------------------------------------------------------------------------------
---------------------------------------------------------------------------------
Start Renaming Generated Instances
---------------------------------------------------------------------------------
---------------------------------------------------------------------------------
Finished Renaming Generated Instances : Time (s): cpu = 00:00:07 ; elapsed = 00:00:21 . Memory (MB): peak = 1530.277 ; gain = 592.512
---------------------------------------------------------------------------------
---------------------------------------------------------------------------------
Start Rebuilding User Hierarchy
---------------------------------------------------------------------------------
---------------------------------------------------------------------------------
Finished Rebuilding User Hierarchy : Time (s): cpu = 00:00:07 ; elapsed = 00:00:21 . Memory (MB): peak = 1530.277 ; gain = 592.512
---------------------------------------------------------------------------------
---------------------------------------------------------------------------------
Start Renaming Generated Ports
---------------------------------------------------------------------------------
---------------------------------------------------------------------------------
Finished Renaming Generated Ports : Time (s): cpu = 00:00:07 ; elapsed = 00:00:21 . Memory (MB): peak = 1530.277 ; gain = 592.512
---------------------------------------------------------------------------------
---------------------------------------------------------------------------------
Start Handling Custom Attributes
---------------------------------------------------------------------------------
---------------------------------------------------------------------------------
Finished Handling Custom Attributes : Time (s): cpu = 00:00:07 ; elapsed = 00:00:21 . Memory (MB): peak = 1530.277 ; gain = 592.512
---------------------------------------------------------------------------------
---------------------------------------------------------------------------------
Start Renaming Generated Nets
---------------------------------------------------------------------------------
---------------------------------------------------------------------------------
Finished Renaming Generated Nets : Time (s): cpu = 00:00:07 ; elapsed = 00:00:21 . Memory (MB): peak = 1530.277 ; gain = 592.512
---------------------------------------------------------------------------------
---------------------------------------------------------------------------------
Start Writing Synthesis Report
---------------------------------------------------------------------------------

Report BlackBoxes: 
+-+--------------+----------+
| |BlackBox name |Instances |
+-+--------------+----------+
+-+--------------+----------+

Report Cell Usage: 
+------+------+------+
|      |Cell  |Count |
+------+------+------+
|1     |LUT3  |     2|
|2     |IBUF  |     3|
|3     |OBUF  |     2|
|4     |OBUFT |    14|
+------+------+------+
---------------------------------------------------------------------------------
Finished Writing Synthesis Report : Time (s): cpu = 00:00:07 ; elapsed = 00:00:21 . Memory (MB): peak = 1530.277 ; gain = 592.512
---------------------------------------------------------------------------------
Synthesis finished with 0 errors, 0 critical warnings and 28 warnings.
Synthesis Optimization Runtime : Time (s): cpu = 00:00:05 ; elapsed = 00:00:19 . Memory (MB): peak = 1530.277 ; gain = 555.953
Synthesis Optimization Complete : Time (s): cpu = 00:00:07 ; elapsed = 00:00:21 . Memory (MB): peak = 1530.277 ; gain = 592.512
INFO: [Project 1-571] Translating synthesized netlist
Netlist sorting complete. Time (s): cpu = 00:00:00 ; elapsed = 00:00:00 . Memory (MB): peak = 1530.277 ; gain = 0.000
INFO: [Project 1-570] Preparing netlist for logic optimization
INFO: [Opt 31-138] Pushed 0 inverter(s) to 0 load pin(s).
Netlist sorting complete. Time (s): cpu = 00:00:00 ; elapsed = 00:00:00 . Memory (MB): peak = 1530.277 ; gain = 0.000
INFO: [Project 1-111] Unisim Transformation Summary:
No Unisim elements were transformed.

Synth Design complete | Checksum: f5efc6a3
INFO: [Common 17-83] Releasing license: Synthesis
24 Infos, 58 Warnings, 3 Critical Warnings and 0 Errors encountered.
synth_design completed successfully
synth_design: Time (s): cpu = 00:00:10 ; elapsed = 00:00:25 . Memory (MB): peak = 1530.277 ; gain = 993.656
INFO: [runtcl-6] Synthesis results are not added to the cache due to CRITICAL_WARNING
Write ShapeDB Complete: Time (s): cpu = 00:00:00 ; elapsed = 00:00:00 . Memory (MB): peak = 1530.277 ; gain = 0.000
INFO: [Common 17-1381] The checkpoint 'C:/Users/burka/OneDrive/Belgeler/Github/Cs223-lab-2/lab2/lab2.runs/synth_1/fulladder_top.dcp' has been generated.
INFO: [Vivado 12-24828] Executing command : report_utilization -file fulladder_top_utilization_synth.rpt -pb fulladder_top_utilization_synth.pb
INFO: [Common 17-206] Exiting Vivado at Sat Oct 26 10:35:33 2024...
