INFO: [VRFC 10-2263] Analyzing SystemVerilog file "C:/Users/burka/OneDrive/Belgeler/Github/Cs223-lab-2/lab2/lab2.srcs/sources_1/new/behavioralFullAdder.sv" into library xil_defaultlib
INFO: [VRFC 10-311] analyzing module fulladder
INFO: [VRFC 10-2263] Analyzing SystemVerilog file "C:/Users/burka/OneDrive/Belgeler/Github/Cs223-lab-2/lab2/lab2.srcs/sources_1/new/fulladder_top.sv" into library xil_defaultlib
INFO: [VRFC 10-311] analyzing module twobitadder
INFO: [VRFC 10-2263] Analyzing SystemVerilog file "C:/Users/burka/OneDrive/Belgeler/Github/Cs223-lab-2/lab2/lab2.srcs/sim_1/new/tb_BFA.sv" into library xil_defaultlib
INFO: [VRFC 10-311] analyzing module tb_twobitadder
ERROR: [VRFC 10-4982] syntax error near '[' [C:/Users/burka/OneDrive/Belgeler/Github/Cs223-lab-2/lab2/lab2.srcs/sim_1/new/tb_BFA.sv:25]
ERROR: [VRFC 10-1280] procedural assignment to a non-register B is not permitted, left-hand side should be reg/integer/time/genvar [C:/Users/burka/OneDrive/Belgeler/Github/Cs223-lab-2/lab2/lab2.srcs/sim_1/new/tb_BFA.sv:33]
WARNING: [VRFC 10-3186] cannot index into non-array type logic for 'B' [C:/Users/burka/OneDrive/Belgeler/Github/Cs223-lab-2/lab2/lab2.srcs/sim_1/new/tb_BFA.sv:33]
ERROR: [VRFC 10-1280] procedural assignment to a non-register B is not permitted, left-hand side should be reg/integer/time/genvar [C:/Users/burka/OneDrive/Belgeler/Github/Cs223-lab-2/lab2/lab2.srcs/sim_1/new/tb_BFA.sv:35]
WARNING: [VRFC 10-3186] cannot index into non-array type logic for 'B' [C:/Users/burka/OneDrive/Belgeler/Github/Cs223-lab-2/lab2/lab2.srcs/sim_1/new/tb_BFA.sv:35]
ERROR: [VRFC 10-1280] procedural assignment to a non-register B is not permitted, left-hand side should be reg/integer/time/genvar [C:/Users/burka/OneDrive/Belgeler/Github/Cs223-lab-2/lab2/lab2.srcs/sim_1/new/tb_BFA.sv:37]
WARNING: [VRFC 10-3186] cannot index into non-array type logic for 'B' [C:/Users/burka/OneDrive/Belgeler/Github/Cs223-lab-2/lab2/lab2.srcs/sim_1/new/tb_BFA.sv:37]
ERROR: [VRFC 10-1280] procedural assignment to a non-register B is not permitted, left-hand side should be reg/integer/time/genvar [C:/Users/burka/OneDrive/Belgeler/Github/Cs223-lab-2/lab2/lab2.srcs/sim_1/new/tb_BFA.sv:39]
WARNING: [VRFC 10-3186] cannot index into non-array type logic for 'B' [C:/Users/burka/OneDrive/Belgeler/Github/Cs223-lab-2/lab2/lab2.srcs/sim_1/new/tb_BFA.sv:39]
ERROR: [VRFC 10-1280] procedural assignment to a non-register B is not permitted, left-hand side should be reg/integer/time/genvar [C:/Users/burka/OneDrive/Belgeler/Github/Cs223-lab-2/lab2/lab2.srcs/sim_1/new/tb_BFA.sv:41]
WARNING: [VRFC 10-3186] cannot index into non-array type logic for 'B' [C:/Users/burka/OneDrive/Belgeler/Github/Cs223-lab-2/lab2/lab2.srcs/sim_1/new/tb_BFA.sv:41]
ERROR: [VRFC 10-1280] procedural assignment to a non-register B is not permitted, left-hand side should be reg/integer/time/genvar [C:/Users/burka/OneDrive/Belgeler/Github/Cs223-lab-2/lab2/lab2.srcs/sim_1/new/tb_BFA.sv:43]
WARNING: [VRFC 10-3186] cannot index into non-array type logic for 'B' [C:/Users/burka/OneDrive/Belgeler/Github/Cs223-lab-2/lab2/lab2.srcs/sim_1/new/tb_BFA.sv:43]
ERROR: [VRFC 10-1280] procedural assignment to a non-register B is not permitted, left-hand side should be reg/integer/time/genvar [C:/Users/burka/OneDrive/Belgeler/Github/Cs223-lab-2/lab2/lab2.srcs/sim_1/new/tb_BFA.sv:45]
WARNING: [VRFC 10-3186] cannot index into non-array type logic for 'B' [C:/Users/burka/OneDrive/Belgeler/Github/Cs223-lab-2/lab2/lab2.srcs/sim_1/new/tb_BFA.sv:45]
ERROR: [VRFC 10-1280] procedural assignment to a non-register B is not permitted, left-hand side should be reg/integer/time/genvar [C:/Users/burka/OneDrive/Belgeler/Github/Cs223-lab-2/lab2/lab2.srcs/sim_1/new/tb_BFA.sv:47]
WARNING: [VRFC 10-3186] cannot index into non-array type logic for 'B' [C:/Users/burka/OneDrive/Belgeler/Github/Cs223-lab-2/lab2/lab2.srcs/sim_1/new/tb_BFA.sv:47]
ERROR: [VRFC 10-1280] procedural assignment to a non-register B is not permitted, left-hand side should be reg/integer/time/genvar [C:/Users/burka/OneDrive/Belgeler/Github/Cs223-lab-2/lab2/lab2.srcs/sim_1/new/tb_BFA.sv:49]
WARNING: [VRFC 10-3186] cannot index into non-array type logic for 'B' [C:/Users/burka/OneDrive/Belgeler/Github/Cs223-lab-2/lab2/lab2.srcs/sim_1/new/tb_BFA.sv:49]
ERROR: [VRFC 10-1280] procedural assignment to a non-register B is not permitted, left-hand side should be reg/integer/time/genvar [C:/Users/burka/OneDrive/Belgeler/Github/Cs223-lab-2/lab2/lab2.srcs/sim_1/new/tb_BFA.sv:51]
WARNING: [VRFC 10-3186] cannot index into non-array type logic for 'B' [C:/Users/burka/OneDrive/Belgeler/Github/Cs223-lab-2/lab2/lab2.srcs/sim_1/new/tb_BFA.sv:51]
ERROR: [VRFC 10-1280] procedural assignment to a non-register B is not permitted, left-hand side should be reg/integer/time/genvar [C:/Users/burka/OneDrive/Belgeler/Github/Cs223-lab-2/lab2/lab2.srcs/sim_1/new/tb_BFA.sv:53]
WARNING: [VRFC 10-3186] cannot index into non-array type logic for 'B' [C:/Users/burka/OneDrive/Belgeler/Github/Cs223-lab-2/lab2/lab2.srcs/sim_1/new/tb_BFA.sv:53]
ERROR: [VRFC 10-1280] procedural assignment to a non-register B is not permitted, left-hand side should be reg/integer/time/genvar [C:/Users/burka/OneDrive/Belgeler/Github/Cs223-lab-2/lab2/lab2.srcs/sim_1/new/tb_BFA.sv:55]
WARNING: [VRFC 10-3186] cannot index into non-array type logic for 'B' [C:/Users/burka/OneDrive/Belgeler/Github/Cs223-lab-2/lab2/lab2.srcs/sim_1/new/tb_BFA.sv:55]
ERROR: [VRFC 10-1280] procedural assignment to a non-register B is not permitted, left-hand side should be reg/integer/time/genvar [C:/Users/burka/OneDrive/Belgeler/Github/Cs223-lab-2/lab2/lab2.srcs/sim_1/new/tb_BFA.sv:57]
WARNING: [VRFC 10-3186] cannot index into non-array type logic for 'B' [C:/Users/burka/OneDrive/Belgeler/Github/Cs223-lab-2/lab2/lab2.srcs/sim_1/new/tb_BFA.sv:57]
ERROR: [VRFC 10-1280] procedural assignment to a non-register B is not permitted, left-hand side should be reg/integer/time/genvar [C:/Users/burka/OneDrive/Belgeler/Github/Cs223-lab-2/lab2/lab2.srcs/sim_1/new/tb_BFA.sv:59]
WARNING: [VRFC 10-3186] cannot index into non-array type logic for 'B' [C:/Users/burka/OneDrive/Belgeler/Github/Cs223-lab-2/lab2/lab2.srcs/sim_1/new/tb_BFA.sv:59]
ERROR: [VRFC 10-1280] procedural assignment to a non-register B is not permitted, left-hand side should be reg/integer/time/genvar [C:/Users/burka/OneDrive/Belgeler/Github/Cs223-lab-2/lab2/lab2.srcs/sim_1/new/tb_BFA.sv:61]
WARNING: [VRFC 10-3186] cannot index into non-array type logic for 'B' [C:/Users/burka/OneDrive/Belgeler/Github/Cs223-lab-2/lab2/lab2.srcs/sim_1/new/tb_BFA.sv:61]
ERROR: [VRFC 10-1280] procedural assignment to a non-register B is not permitted, left-hand side should be reg/integer/time/genvar [C:/Users/burka/OneDrive/Belgeler/Github/Cs223-lab-2/lab2/lab2.srcs/sim_1/new/tb_BFA.sv:63]
WARNING: [VRFC 10-3186] cannot index into non-array type logic for 'B' [C:/Users/burka/OneDrive/Belgeler/Github/Cs223-lab-2/lab2/lab2.srcs/sim_1/new/tb_BFA.sv:63]
ERROR: [VRFC 10-8530] module 'tb_twobitadder' is ignored due to previous errors [C:/Users/burka/OneDrive/Belgeler/Github/Cs223-lab-2/lab2/lab2.srcs/sim_1/new/tb_BFA.sv:23]
